<?xml version="1.0" encoding="UTF-8"?>
<!-- Generated by org.testng.reporters.JUnitReportReporter -->
<testsuite hostname="DEC1458" failures="0" tests="1" name="com.qa.testcases.ContactPageTest" time="127.648" errors="1" timestamp="2023-05-07T17:00:35 IST" skipped="0">
  <testcase classname="com.qa.testcases.ContactPageTest" name="verifyContactsPageLabel" time="127.648">
    <error message="An unknown server-side error occurred while processing the command. Original error: Could not proxy command to the remote server. Original error: socket hang up
Build info: version: &#039;4.9.0&#039;, revision: &#039;d7057100a6&#039;
System info: os.name: &#039;Windows 11&#039;, os.arch: &#039;amd64&#039;, os.version: &#039;10.0&#039;, java.version: &#039;18.0.1.1&#039;
Driver info: io.appium.java_client.android.AndroidDriver
Command: [a56326db-d888-44d4-a681-b0f8af96a1ad, findElement {using=xpath, value=//android.view.View[@content-desc=&quot;￼ ￼ Mobile Number (+91)* ￼ ￼ Email ID*&quot;]/android.widget.EditText[1]}]
Capabilities {appium:appActivity: com.decimal.dataonflutter.M..., appium:appPackage: dataon.decimal.aucc.uat, appium:automationName: Appium, appium:connectHardwareKeyboard: true, appium:databaseEnabled: false, appium:desired: {appActivity: com.decimal.dataonflutter.M..., appPackage: dataon.decimal.aucc.uat, automationName: Appium, connectHardwareKeyboard: true, deviceName: RMX1921, ensureWebviewsHavePages: true, nativeWebScreenshot: true, newCommandTimeout: 3600, platformName: ANDROID, platformVersion: 11.0, udid: 402c1cde}, appium:deviceApiLevel: 30, appium:deviceManufacturer: realme, appium:deviceModel: RMX1921, appium:deviceName: 402c1cde, appium:deviceScreenDensity: 480, appium:deviceScreenSize: 1080x2340, appium:deviceUDID: 402c1cde, appium:ensureWebviewsHavePages: true, appium:javascriptEnabled: true, appium:locationContextEnabled: false, appium:nativeWebScreenshot: true, appium:networkConnectionEnabled: true, appium:newCommandTimeout: 3600, appium:pixelRatio: 3, appium:platformVersion: 11, appium:statBarHeight: 96, appium:takesScreenshot: true, appium:udid: 402c1cde, appium:viewportRect: {height: 2036, left: 0, top: 96, width: 1080}, appium:warnings: {}, appium:webStorageEnabled: false, platformName: ANDROID}
Session ID: a56326db-d888-44d4-a681-b0f8af96a1ad" type="org.openqa.selenium.WebDriverException">
      <![CDATA[org.openqa.selenium.WebDriverException: An unknown server-side error occurred while processing the command. Original error: Could not proxy command to the remote server. Original error: socket hang up
Build info: version: '4.9.0', revision: 'd7057100a6'
System info: os.name: 'Windows 11', os.arch: 'amd64', os.version: '10.0', java.version: '18.0.1.1'
Driver info: io.appium.java_client.android.AndroidDriver
Command: [a56326db-d888-44d4-a681-b0f8af96a1ad, findElement {using=xpath, value=//android.view.View[@content-desc="￼ ￼ Mobile Number (+91)* ￼ ￼ Email ID*"]/android.widget.EditText[1]}]
Capabilities {appium:appActivity: com.decimal.dataonflutter.M..., appium:appPackage: dataon.decimal.aucc.uat, appium:automationName: Appium, appium:connectHardwareKeyboard: true, appium:databaseEnabled: false, appium:desired: {appActivity: com.decimal.dataonflutter.M..., appPackage: dataon.decimal.aucc.uat, automationName: Appium, connectHardwareKeyboard: true, deviceName: RMX1921, ensureWebviewsHavePages: true, nativeWebScreenshot: true, newCommandTimeout: 3600, platformName: ANDROID, platformVersion: 11.0, udid: 402c1cde}, appium:deviceApiLevel: 30, appium:deviceManufacturer: realme, appium:deviceModel: RMX1921, appium:deviceName: 402c1cde, appium:deviceScreenDensity: 480, appium:deviceScreenSize: 1080x2340, appium:deviceUDID: 402c1cde, appium:ensureWebviewsHavePages: true, appium:javascriptEnabled: true, appium:locationContextEnabled: false, appium:nativeWebScreenshot: true, appium:networkConnectionEnabled: true, appium:newCommandTimeout: 3600, appium:pixelRatio: 3, appium:platformVersion: 11, appium:statBarHeight: 96, appium:takesScreenshot: true, appium:udid: 402c1cde, appium:viewportRect: {height: 2036, left: 0, top: 96, width: 1080}, appium:warnings: {}, appium:webStorageEnabled: false, platformName: ANDROID}
Session ID: a56326db-d888-44d4-a681-b0f8af96a1ad
at java.base/jdk.internal.reflect.DirectConstructorHandleAccessor.newInstance(DirectConstructorHandleAccessor.java:67)
at java.base/java.lang.reflect.Constructor.newInstanceWithCaller(Constructor.java:499)
at java.base/java.lang.reflect.Constructor.newInstance(Constructor.java:483)
at org.openqa.selenium.remote.codec.w3c.W3CHttpResponseCodec.createException(W3CHttpResponseCodec.java:200)
at org.openqa.selenium.remote.codec.w3c.W3CHttpResponseCodec.decode(W3CHttpResponseCodec.java:133)
at org.openqa.selenium.remote.codec.w3c.W3CHttpResponseCodec.decode(W3CHttpResponseCodec.java:53)
at org.openqa.selenium.remote.HttpCommandExecutor.execute(HttpCommandExecutor.java:193)
at io.appium.java_client.remote.AppiumCommandExecutor.execute(AppiumCommandExecutor.java:262)
at org.openqa.selenium.remote.RemoteWebDriver.execute(RemoteWebDriver.java:543)
at org.openqa.selenium.remote.ElementLocation$ElementFinder$2.findElement(ElementLocation.java:162)
at org.openqa.selenium.remote.ElementLocation.findElement(ElementLocation.java:60)
at org.openqa.selenium.remote.RemoteWebDriver.findElement(RemoteWebDriver.java:352)
at org.openqa.selenium.remote.RemoteWebDriver.findElement(RemoteWebDriver.java:344)
at com.qa.pages.ContactPage.SendOtpVerification(ContactPage.java:19)
at com.qa.testcases.ContactPageTest.verifyContactsPageLabel(ContactPageTest.java:47)
at java.base/jdk.internal.reflect.DirectMethodHandleAccessor.invoke(DirectMethodHandleAccessor.java:104)
at java.base/java.lang.reflect.Method.invoke(Method.java:577)
at org.testng.internal.MethodInvocationHelper.invokeMethod(MethodInvocationHelper.java:133)
at org.testng.internal.TestInvoker.invokeMethod(TestInvoker.java:598)
at org.testng.internal.TestInvoker.invokeTestMethod(TestInvoker.java:173)
at org.testng.internal.MethodRunner.runInSequence(MethodRunner.java:46)
at org.testng.internal.TestInvoker$MethodInvocationAgent.invoke(TestInvoker.java:824)
at org.testng.internal.TestInvoker.invokeTestMethods(TestInvoker.java:146)
at org.testng.internal.TestMethodWorker.invokeTestMethods(TestMethodWorker.java:146)
at org.testng.internal.TestMethodWorker.run(TestMethodWorker.java:128)
at java.base/java.util.ArrayList.forEach(ArrayList.java:1511)
at org.testng.TestRunner.privateRun(TestRunner.java:794)
at org.testng.TestRunner.run(TestRunner.java:596)
at org.testng.SuiteRunner.runTest(SuiteRunner.java:377)
at org.testng.SuiteRunner.runSequentially(SuiteRunner.java:371)
at org.testng.SuiteRunner.privateRun(SuiteRunner.java:332)
at org.testng.SuiteRunner.run(SuiteRunner.java:276)
at org.testng.SuiteRunnerWorker.runSuite(SuiteRunnerWorker.java:53)
at org.testng.SuiteRunnerWorker.run(SuiteRunnerWorker.java:96)
at org.testng.TestNG.runSuitesSequentially(TestNG.java:1212)
at org.testng.TestNG.runSuitesLocally(TestNG.java:1134)
at org.testng.TestNG.runSuites(TestNG.java:1063)
at org.testng.TestNG.run(TestNG.java:1031)
at org.testng.remote.AbstractRemoteTestNG.run(AbstractRemoteTestNG.java:115)
at org.testng.remote.RemoteTestNG.initAndRun(RemoteTestNG.java:251)
at org.testng.remote.RemoteTestNG.main(RemoteTestNG.java:77)
]]>
    </error>
  </testcase> <!-- verifyContactsPageLabel -->
  <system-out/>
</testsuite> <!-- com.qa.testcases.ContactPageTest -->
