<?xml version="1.0" encoding="UTF-8"?>
<!-- Generated by org.testng.reporters.JUnitReportReporter -->
<testsuite hostname="DEC1458" failures="0" tests="3" name="com.qa.testcases.HomePageTest" time="20.592" errors="1" timestamp="2023-09-21T19:27:11 IST" skipped="2">
  <testcase classname="com.qa.testcases.HomePageTest" name="setUp" time="20.592">
    <error message="Could not start a new session. Response code 500. Message: An unknown server-side error occurred while processing the command. Original error: Could not find a connected Android device in 20068ms. 
Host info: host: &#039;DEC1458&#039;, ip: &#039;192.168.1.2&#039;
Build info: version: &#039;4.11.0&#039;, revision: &#039;040bc5406b&#039;
System info: os.name: &#039;Windows 11&#039;, os.arch: &#039;amd64&#039;, os.version: &#039;10.0&#039;, java.version: &#039;18.0.1.1&#039;
Driver info: io.appium.java_client.android.AndroidDriver
Command: [null, newSession {capabilities=[{appium:appActivity=com.decimal.dataonflutter.MainActivity, appium:appPackage=dataon.decimal.aucc.uat, appium:connectHardwareKeyboard=true, appium:ensureWebviewsHavePages=true, appium:nativeWebScreenshot=true, appium:newCommandTimeout=3600, appium:platformVersion=13.0, appium:autoAcceptAlerts=true, appium:automationName=Appium, appium:deviceName=RMX3741, platformName=ANDROID}], desiredCapabilities=Capabilities {appActivity: com.decimal.dataonflutter.M..., appPackage: dataon.decimal.aucc.uat, appium:connectHardwareKeyboard: true, appium:ensureWebviewsHavePages: true, appium:nativeWebScreenshot: true, appium:newCommandTimeout: 3600, appium:platformVersion: 13.0, autoAcceptAlerts: true, automationName: Appium, deviceName: RMX3741, platformName: ANDROID}}]
Capabilities {appActivity: com.decimal.dataonflutter.M..., appPackage: dataon.decimal.aucc.uat, appium:connectHardwareKeyboard: true, appium:ensureWebviewsHavePages: true, appium:nativeWebScreenshot: true, appium:newCommandTimeout: 3600, appium:platformVersion: 13.0, autoAcceptAlerts: true, automationName: Appium, deviceName: RMX3741, platformName: ANDROID}" type="org.openqa.selenium.SessionNotCreatedException">
      <![CDATA[org.openqa.selenium.SessionNotCreatedException: Could not start a new session. Response code 500. Message: An unknown server-side error occurred while processing the command. Original error: Could not find a connected Android device in 20068ms. 
Host info: host: 'DEC1458', ip: '192.168.1.2'
Build info: version: '4.11.0', revision: '040bc5406b'
System info: os.name: 'Windows 11', os.arch: 'amd64', os.version: '10.0', java.version: '18.0.1.1'
Driver info: io.appium.java_client.android.AndroidDriver
Command: [null, newSession {capabilities=[{appium:appActivity=com.decimal.dataonflutter.MainActivity, appium:appPackage=dataon.decimal.aucc.uat, appium:connectHardwareKeyboard=true, appium:ensureWebviewsHavePages=true, appium:nativeWebScreenshot=true, appium:newCommandTimeout=3600, appium:platformVersion=13.0, appium:autoAcceptAlerts=true, appium:automationName=Appium, appium:deviceName=RMX3741, platformName=ANDROID}], desiredCapabilities=Capabilities {appActivity: com.decimal.dataonflutter.M..., appPackage: dataon.decimal.aucc.uat, appium:connectHardwareKeyboard: true, appium:ensureWebviewsHavePages: true, appium:nativeWebScreenshot: true, appium:newCommandTimeout: 3600, appium:platformVersion: 13.0, autoAcceptAlerts: true, automationName: Appium, deviceName: RMX3741, platformName: ANDROID}}]
Capabilities {appActivity: com.decimal.dataonflutter.M..., appPackage: dataon.decimal.aucc.uat, appium:connectHardwareKeyboard: true, appium:ensureWebviewsHavePages: true, appium:nativeWebScreenshot: true, appium:newCommandTimeout: 3600, appium:platformVersion: 13.0, autoAcceptAlerts: true, automationName: Appium, deviceName: RMX3741, platformName: ANDROID}
at org.openqa.selenium.remote.ProtocolHandshake.createSession(ProtocolHandshake.java:140)
at java.base/jdk.internal.reflect.DirectMethodHandleAccessor.invoke(DirectMethodHandleAccessor.java:104)
at java.base/java.lang.reflect.Method.invoke(Method.java:577)
at io.appium.java_client.remote.AppiumProtocolHandshake.createSession(AppiumProtocolHandshake.java:133)
at io.appium.java_client.remote.AppiumProtocolHandshake.createSession(AppiumProtocolHandshake.java:102)
at io.appium.java_client.remote.AppiumCommandExecutor.createSession(AppiumCommandExecutor.java:194)
at io.appium.java_client.remote.AppiumCommandExecutor.execute(AppiumCommandExecutor.java:262)
at org.openqa.selenium.remote.RemoteWebDriver.execute(RemoteWebDriver.java:518)
at io.appium.java_client.AppiumDriver.startSession(AppiumDriver.java:229)
at org.openqa.selenium.remote.RemoteWebDriver.<init>(RemoteWebDriver.java:159)
at io.appium.java_client.AppiumDriver.<init>(AppiumDriver.java:80)
at io.appium.java_client.AppiumDriver.<init>(AppiumDriver.java:92)
at io.appium.java_client.android.AndroidDriver.<init>(AndroidDriver.java:117)
at com.util.Base1.initializeBrowserAndOpenApplicationURL(Base1.java:86)
at com.qa.testcases.HomePageTest.setUp(HomePageTest.java:34)
at java.base/jdk.internal.reflect.DirectMethodHandleAccessor.invoke(DirectMethodHandleAccessor.java:104)
at java.base/java.lang.reflect.Method.invoke(Method.java:577)
at org.testng.internal.invokers.MethodInvocationHelper.invokeMethod(MethodInvocationHelper.java:139)
at org.testng.internal.invokers.MethodInvocationHelper.invokeMethodConsideringTimeout(MethodInvocationHelper.java:69)
at org.testng.internal.invokers.ConfigInvoker.invokeConfigurationMethod(ConfigInvoker.java:390)
at org.testng.internal.invokers.ConfigInvoker.invokeConfigurations(ConfigInvoker.java:325)
at org.testng.internal.invokers.TestInvoker.runConfigMethods(TestInvoker.java:810)
at org.testng.internal.invokers.TestInvoker.invokeMethod(TestInvoker.java:577)
at org.testng.internal.invokers.TestInvoker.invokeTestMethod(TestInvoker.java:227)
at org.testng.internal.invokers.MethodRunner.runInSequence(MethodRunner.java:50)
at org.testng.internal.invokers.TestInvoker$MethodInvocationAgent.invoke(TestInvoker.java:957)
at org.testng.internal.invokers.TestInvoker.invokeTestMethods(TestInvoker.java:200)
at org.testng.internal.invokers.TestMethodWorker.invokeTestMethods(TestMethodWorker.java:148)
at org.testng.internal.invokers.TestMethodWorker.run(TestMethodWorker.java:128)
at java.base/java.util.ArrayList.forEach(ArrayList.java:1511)
at org.testng.TestRunner.privateRun(TestRunner.java:848)
at org.testng.TestRunner.run(TestRunner.java:621)
at org.testng.SuiteRunner.runTest(SuiteRunner.java:443)
at org.testng.SuiteRunner.runSequentially(SuiteRunner.java:437)
at org.testng.SuiteRunner.privateRun(SuiteRunner.java:397)
at org.testng.SuiteRunner.run(SuiteRunner.java:336)
at org.testng.SuiteRunnerWorker.runSuite(SuiteRunnerWorker.java:52)
at org.testng.SuiteRunnerWorker.run(SuiteRunnerWorker.java:95)
at org.testng.TestNG.runSuitesSequentially(TestNG.java:1280)
at org.testng.TestNG.runSuitesLocally(TestNG.java:1200)
at org.testng.TestNG.runSuites(TestNG.java:1114)
at org.testng.TestNG.run(TestNG.java:1082)
at org.testng.remote.AbstractRemoteTestNG.run(AbstractRemoteTestNG.java:115)
at org.testng.remote.RemoteTestNG.initAndRun(RemoteTestNG.java:251)
at org.testng.remote.RemoteTestNG.main(RemoteTestNG.java:77)
]]>
    </error>
  </testcase> <!-- setUp -->
  <testcase classname="com.qa.testcases.HomePageTest" name="HomePageTitleTest" time="0.000">
    <skipped/>
  </testcase> <!-- HomePageTitleTest -->
  <testcase classname="com.qa.testcases.HomePageTest" name="verifyHomeDashboard" time="0.000">
    <skipped/>
  </testcase> <!-- verifyHomeDashboard -->
</testsuite> <!-- com.qa.testcases.HomePageTest -->
